-------------------------------------------------
The trace creation timestamp is: mar. mai 18 16:52:57 21
The executable build timestamp is: jeu. août 22 08:25:42 19
The datecode is: 2019224
The pro machine type is: x86e_win64
The process ID is: 2460
The traceback type is : CRASH
The logger exit status is: 00003
The Trail is: trail.txt.13
The release is: 6.0
The product version is: 6.0.2.0
The product title is: Creo Parametric
-------------------------------------------------
Exception EXCEPTION_ACCESS_VIOLATION has occurred in the thread 14848.

Main Thread 14848
=====================
0x00007FF6901A137D	NULL (NULL:0) (xtop:0x00007FF688940000) ( 0x706a3210, 0x0, 0xdbbac6c8, 0x0 ) 
0x00007FF6901A125D	NULL (NULL:0) (xtop:0x00007FF688940000) ( 0x0, 0x901ed199, 0x0, 0x69601f00 ) 
0x00007FF6901A1221	NULL (NULL:0) (xtop:0x00007FF688940000) ( 0x94328c20, 0x94328c40, 0x227, 0x0 ) 
0x00007FF68987A0BF	NULL (NULL:0) (xtop:0x00007FF688940000) ( 0xdbbac7d0, 0xffffffff, 0x79, 0xdbbac7d0 ) 
0x00007FF689844E83	NULL (NULL:0) (xtop:0x00007FF688940000) ( 0x706a3210, 0xdbbac7d0, 0x79, 0x1 ) 
0x00007FF68983DA8D	NULL (NULL:0) (xtop:0x00007FF688940000) ( 0xdbbac8a0, 0x1, 0x0, 0x7f ) 
0x00007FF68982FFBF	NULL (NULL:0) (xtop:0x00007FF688940000) ( 0x706a3210, 0x0, 0x706a3210, 0x2107 ) 
0x00007FF6898411AA	NULL (NULL:0) (xtop:0x00007FF688940000) ( 0x0, 0x51398bc0, 0x0, 0x79 ) 
0x00007FF689863411	NULL (NULL:0) (xtop:0x00007FF688940000) ( 0x51b0b260, 0x51398bc0, 0x79, 0x0 ) 
0x00007FF68986307F	NULL (NULL:0) (xtop:0x00007FF688940000) ( 0x1, 0x51b0b260, 0x18f49ea0, 0x32 ) 
0x00007FFD6DA2D8D9	NULL (NULL:0) (uitools_sh:0x00007FFD6D6B0000) ( 0x512a29d0, 0x18f49ea0, 0x18f49ea0, 0xdbbacd60 ) 
0x00007FFD6DA19405	NULL (NULL:0) (uitools_sh:0x00007FFD6D6B0000) ( 0x0, 0x58f5, 0x3039ad10, 0x18f4eac0 ) 
0x00007FFD6DA1AF27	NULL (NULL:0) (uitools_sh:0x00007FFD6D6B0000) ( 0x3, 0x8, 0x32, 0xff ) 
0x00007FFD6E766F0C	NULL (NULL:0) (libui_sh:0x00007FFD6E5F0000) ( 0x58f5, 0x32, 0x0, 0x1 ) 
0x00007FFD6E76BACC	NULL (NULL:0) (libui_sh:0x00007FFD6E5F0000) ( 0x1, 0x0, 0x1, 0x32 ) 
0x00007FFD6E7671CF	NULL (NULL:0) (libui_sh:0x00007FFD6E5F0000) ( 0x0, 0x58f5, 0x1, 0x2cff5ae0 ) 
0x00007FFD6E7C3139	NULL (NULL:0) (libui_sh:0x00007FFD6E5F0000) ( 0x58f5, 0x84b, 0x58f5, 0x32 ) 
0x00007FFD6E7C22FA	NULL (NULL:0) (libui_sh:0x00007FFD6E5F0000) ( 0x5f067a58, 0x80000001, 0x1, 0x5147cf50 ) 
0x00007FFD6E7C29A3	NULL (NULL:0) (libui_sh:0x00007FFD6E5F0000) ( 0x2a554f18, 0xdbbad130, 0x0, 0x0 ) 
0x00007FFD6E7C1F6A	NULL (NULL:0) (libui_sh:0x00007FFD6E5F0000) ( 0x7d, 0x2a554f18, 0x0, 0x0 ) 
0x00007FFD6E855736	NULL (NULL:0) (libui_sh:0x00007FFD6E5F0000) ( 0xdbbad340, 0xdbbad130, 0x0, 0x0 ) 
0x00007FFD6E854D7C	NULL (NULL:0) (libui_sh:0x00007FFD6E5F0000) ( 0xdbbad340, 0xa, 0x8, 0x8 ) 
0x00007FFD6E85C127	NULL (NULL:0) (libui_sh:0x00007FFD6E5F0000) ( 0x7d, 0x1303e0, 0x1303e0, 0x2b6007d ) 
0x00007FFD6E8618D9	NULL (NULL:0) (libui_sh:0x00007FFD6E5F0000) ( 0x1303e0, 0x2b6007d, 0x80001, 0x4f352f40 ) 
0x00007FFD6E8514BE	NULL (NULL:0) (libui_sh:0x00007FFD6E5F0000) ( 0xdbbad750, 0xdbbad569, 0x0, 0xffffffff ) 
0x00007FFD6E769957	NULL (NULL:0) (libui_sh:0x00007FFD6E5F0000) ( 0x7d, 0x1303e0, 0x80000, 0x2b6007d ) 
0x00007FFD6E769DFF	NULL (NULL:0) (libui_sh:0x00007FFD6E5F0000) ( 0x0, 0x0, 0x0, 0xdbbad750 ) 
0x00007FFD6E7640C0	NULL (NULL:0) (libui_sh:0x00007FFD6E5F0000) ( 0xdbbad830, 0xdbbad978, 0xdbbad750, 0x6e763e51 ) 
0x00007FF68F2EB5E3	NULL (NULL:0) (xtop:0x00007FF688940000) ( 0xdbbad830, 0x0, 0xdbbad8b9, 0xdbbadac0 ) 
0x00007FF68F2EC477	NULL (NULL:0) (xtop:0x00007FF688940000) ( 0xdbbad830, 0x45, 0x45, 0x6 ) 
0x00007FF68F2EA637	NULL (NULL:0) (xtop:0x00007FF688940000) ( 0x1c174da0, 0x0, 0x0, 0x0 ) 
0x00007FF68F2E8511	NULL (NULL:0) (xtop:0x00007FF688940000) ( 0xdbbadaa0, 0x0, 0x0, 0x0 ) 
0x00007FF68F2E883D	NULL (NULL:0) (xtop:0x00007FF688940000) ( 0x0, 0x0, 0x0, 0xdbbadaa0 ) 
0x00007FF68F2E9245	NULL (NULL:0) (xtop:0x00007FF688940000) ( 0xdbbadb90, 0x0, 0x0, 0xdbbadb90 ) 
0x00007FF68F2EDB3C	NULL (NULL:0) (xtop:0x00007FF688940000) ( 0x0, 0xdbbadb21, 0x0, 0xaffc945b ) 
0x00007FF68F2B7F51	NULL (NULL:0) (xtop:0x00007FF688940000) ( 0x0, 0xdbbadc78, 0xdbbadc54, 0xdbbadc70 ) 
0x00007FF68F2ACB43	NULL (NULL:0) (xtop:0x00007FF688940000) ( 0x1, 0x0, 0xdbbadee0, 0xaffc945b ) 
0x00007FF68F2B5308	NULL (NULL:0) (xtop:0x00007FF688940000) ( 0xdbbadeb0, 0xffff, 0x0, 0xdbbadd4c ) 
0x00007FF68F2D69DD	NULL (NULL:0) (xtop:0x00007FF688940000) ( 0xdbbae000, 0x2, 0x1fff, 0xdbbae000 ) 
0x00007FF68F2D53F4	NULL (NULL:0) (xtop:0x00007FF688940000) ( 0x0, 0xdbbadf30, 0xdbbae000, 0x0 ) 
0x00007FF68F2D7939	NULL (NULL:0) (xtop:0x00007FF688940000) ( 0x0, 0x0, 0x2, 0x0 ) 
0x00007FFDAFFC945B	NULL (NULL:0) (coretools_sh:0x00007FFDAFF80000) ( 0x30, 0x0, 0x0, 0x1 ) 
0x00007FF68F2E51E9	NULL (NULL:0) (xtop:0x00007FF688940000) ( 0x1, 0x1, 0x0, 0x1b ) 
0x00007FF68F295361	NULL (NULL:0) (xtop:0x00007FF688940000) ( 0xffffffff, 0x30, 0x0, 0xffffffff ) 
0x00007FF68F28AEE7	NULL (NULL:0) (xtop:0x00007FF688940000) ( 0x1, 0x1b, 0xdbbae120, 0x94798428 ) 
0x00007FF68F284754	NULL (NULL:0) (xtop:0x00007FF688940000) ( 0x0, 0x0, 0x0, 0x0 ) 
0x00007FFDAFFC945B	NULL (NULL:0) (coretools_sh:0x00007FFDAFF80000) ( 0x0, 0xffffffff, 0x200000f, 0x0 ) 
0x00007FF68F28ACE9	NULL (NULL:0) (xtop:0x00007FF688940000) ( 0x0, 0x0, 0x0, 0x946866d8 ) 
0x00007FF689C8D4DF	NULL (NULL:0) (xtop:0x00007FF688940000) ( 0x0, 0x0, 0x0, 0x200000f ) 
0x00007FF68A96171C	NULL (NULL:0) (xtop:0x00007FF688940000) ( 0x0, 0x1, 0x0, 0x0 ) 
0x00007FF68A96E588	NULL (NULL:0) (xtop:0x00007FF688940000) ( 0x0, 0x0, 0x0, 0xdbbae3c0 ) 
0x00007FF68A96E419	NULL (NULL:0) (xtop:0x00007FF688940000) ( 0x0, 0x800005, 0x1, 0x6e8a0120 ) 
0x00007FF6897C0B57	NULL (NULL:0) (xtop:0x00007FF688940000) ( 0x706a3210, 0x348, 0xdbbae8c0, 0x0 ) 
0x00007FF6897E2223	NULL (NULL:0) (xtop:0x00007FF688940000) ( 0xdbbaea80, 0x0, 0x0, 0x800005 ) 
0x00007FF689801C16	NULL (NULL:0) (xtop:0x00007FF688940000) ( 0x0, 0x0, 0x13, 0x0 ) 
0x00007FF689801E76	NULL (NULL:0) (xtop:0x00007FF688940000) ( 0xdbbaea80, 0xdbbaea68, 0xdbbaea64, 0x6dac69ff ) 
0x00007FF68B6029B0	NULL (NULL:0) (xtop:0x00007FF688940000) ( 0x5f7bb9f8, 0x1, 0x3ef, 0x3e9 ) 
0x00007FF6897E539F	NULL (NULL:0) (xtop:0x00007FF688940000) ( 0x0, 0x3e9, 0xdbbaee40, 0x0 ) 
0x00007FF6897DB67A	NULL (NULL:0) (xtop:0x00007FF688940000) ( 0x800005, 0x6e8d9c10, 0x6e8d9ae8, 0x5574ad60 ) 
0x00007FFD6E865327	NULL (NULL:0) (libui_sh:0x00007FFD6E5F0000) ( 0x1, 0x203d66, 0x5be71130, 0x800004 ) 
0x00007FFD6E76774A	NULL (NULL:0) (libui_sh:0x00007FFD6E5F0000) ( 0x5b62cd48, 0x0, 0x800004, 0x8f288fbe ) 
0x00007FF68EA7F7FA	NULL (NULL:0) (xtop:0x00007FF688940000) ( 0xdbbaf090, 0x0, 0x0, 0x553ec328 ) 
0x00007FF68EA7A7A9	NULL (NULL:0) (xtop:0x00007FF688940000) ( 0xdbbaf350, 0xdbbaf3a0, 0x553ec2e0, 0xffffffff ) 
0x00007FF68F27F352	NULL (NULL:0) (xtop:0x00007FF688940000) ( 0x0, 0x553ec2e0, 0x553ec328, 0x0 ) 
0x00007FF68F27FA7E	NULL (NULL:0) (xtop:0x00007FF688940000) ( 0x0, 0x0, 0x23, 0x0 ) 
0x00007FF68F28AF37	NULL (NULL:0) (xtop:0x00007FF688940000) ( 0x1, 0x2, 0xdbbaf640, 0x94798428 ) 
0x00007FF68F284754	NULL (NULL:0) (xtop:0x00007FF688940000) ( 0x7, 0x4d8f0cc0, 0x0, 0x0 ) 
0x00007FFDAFFC945B	NULL (NULL:0) (coretools_sh:0x00007FFDAFF80000) ( 0x940a0800, 0x0, 0x4, 0x8b8b419a ) 
0x00007FF68F28ACE9	NULL (NULL:0) (xtop:0x00007FF688940000) ( 0x0, 0x0, 0x0, 0x4d8f0cc0 ) 
0x00007FF689802106	NULL (NULL:0) (xtop:0x00007FF688940000) ( 0x989290d0, 0x4, 0x0, 0x0 ) 
0x00007FF6896FCB6A	NULL (NULL:0) (xtop:0x00007FF688940000) ( 0x989290d0, 0x0, 0x0, 0x4 ) 
0x00007FF690E7E73A	NULL (NULL:0) (xtop:0x00007FF688940000) ( 0x1, 0xdbbaf750, 0x989290d0, 0x0 ) 
0x00007FF690E7E64A	NULL (NULL:0) (xtop:0x00007FF688940000) ( 0xa, 0x0, 0x0, 0x0 ) 
0x00007FF690E7AB42	NULL (NULL:0) (xtop:0x00007FF688940000) ( 0x0, 0x0, 0x0, 0x0 ) 
0x00007FFDD8A67C24	NULL (NULL:0) (KERNEL32:0x00007FFDD8A50000) ( 0x0, 0x0, 0x0, 0x0 ) 

Thread 15816
=====================
0x00007FFDD88C9A84	NULL (NULL:0) (win32u:0x00007FFDD88C0000) ( 0x180a44, 0xd8b28757, 0x180a44, 0xb5b1a9e0 ) 
0x00007FFDD8B31CBD	NULL (NULL:0) (USER32:0x00007FFDD8B10000) ( 0x0, 0xdda6fc89, 0x4eac5cc0, 0x0 ) 
0x00007FFDB5B08D24	NULL (NULL:0) (asyncoremt:0x00007FFDB5AD0000) ( 0x4eac48f0, 0x4eac48f0, 0x4eac3090, 0x50fbd9d0 ) 
0x00007FFDB5B02F1F	NULL (NULL:0) (asyncoremt:0x00007FFDB5AD0000) ( 0x4eac48f0, 0x4eac59f0, 0x50fbe3d8, 0x4eac3090 ) 
0x00007FFDB5B02C7A	NULL (NULL:0) (asyncoremt:0x00007FFDB5AD0000) ( 0x4eab08f0, 0x0, 0x4eac59f0, 0x0 ) 
0x00007FFDB5B0305F	NULL (NULL:0) (asyncoremt:0x00007FFDB5AD0000) ( 0x4ed42b10, 0x0, 0x0, 0x0 ) 
0x00007FFDD7B810B2	NULL (NULL:0) (ucrtbase:0x00007FFDD7B60000) ( 0x0, 0x0, 0x0, 0x0 ) 
0x00007FFDD8A67C24	NULL (NULL:0) (KERNEL32:0x00007FFDD8A50000) ( 0x0, 0x0, 0x0, 0x0 ) 

Thread 5720
=====================
0x00007FFDDA9DD9F4	NULL (NULL:0) (ntdll:0x00007FFDDA940000) ( 0x56f81730, 0x0, 0x0, 0x50 ) 
0x00007FFDD7902AD7	NULL (NULL:0) (KERNELBASE:0x00007FFDD78B0000) ( 0xffffffff, 0x4eac4a50, 0x51060018, 0xde21fc30 ) 
0x00007FFDB5ADF8C6	NULL (NULL:0) (asyncoremt:0x00007FFDB5AD0000) ( 0x7ce01aba, 0x7ce01aba, 0x1, 0x4eac4a50 ) 
0x00007FFDB5AD8174	NULL (NULL:0) (asyncoremt:0x00007FFDB5AD0000) ( 0x1, 0x4eac4a00, 0x3, 0x0 ) 
0x00007FFDB5B08E2E	NULL (NULL:0) (asyncoremt:0x00007FFDB5AD0000) ( 0x50fbe3d8, 0xafc601d2, 0x4ec90870, 0x4ec90870 ) 
0x00007FFDB5B02F1F	NULL (NULL:0) (asyncoremt:0x00007FFDB5AD0000) ( 0x4eac4a00, 0x4eac5eb0, 0x50fbe3d8, 0x4eac30e0 ) 
0x00007FFDB5B02C7A	NULL (NULL:0) (asyncoremt:0x00007FFDB5AD0000) ( 0x4eab08f0, 0x0, 0x4eac5eb0, 0x0 ) 
0x00007FFDB5B0305F	NULL (NULL:0) (asyncoremt:0x00007FFDB5AD0000) ( 0x4ed439b0, 0x0, 0x0, 0x0 ) 
0x00007FFDD7B810B2	NULL (NULL:0) (ucrtbase:0x00007FFDD7B60000) ( 0x0, 0x0, 0x0, 0x0 ) 
0x00007FFDD8A67C24	NULL (NULL:0) (KERNEL32:0x00007FFDD8A50000) ( 0x0, 0x0, 0x0, 0x0 ) 

Thread 2900
=====================
0x00007FFDDA9DD9F4	NULL (NULL:0) (ntdll:0x00007FFDDA940000) ( 0x2d1c, 0xdaaa0000, 0x10010, 0xda97b91f ) 
0x00007FFDD7902AD7	NULL (NULL:0) (KERNELBASE:0x00007FFDD78B0000) ( 0x1, 0x4eac5828, 0x51062298, 0xde9cf460 ) 
0x00007FFDB5ADF8C6	NULL (NULL:0) (asyncoremt:0x00007FFDB5AD0000) ( 0x7db98bf7, 0x7db98bf7, 0x1, 0x4eac5828 ) 
0x00007FFDB5AD8174	NULL (NULL:0) (asyncoremt:0x00007FFDB5AD0000) ( 0x1, 0x4eac57d0, 0x4eac6370, 0x7eeab260 ) 
0x00007FFDB5B08E9E	NULL (NULL:0) (asyncoremt:0x00007FFDB5AD0000) ( 0x4eac57d0, 0xafc6b4b1, 0x4, 0x4eac6370 ) 
0x00007FFDB5B03907	NULL (NULL:0) (asyncoremt:0x00007FFDB5AD0000) ( 0x4eac57d0, 0x4eac57d0, 0x4eac3130, 0x4eac59d0 ) 
0x00007FFDB5B02F1F	NULL (NULL:0) (asyncoremt:0x00007FFDB5AD0000) ( 0x4eac57d0, 0x4eac6370, 0x50fbe3d8, 0x4eac3130 ) 
0x00007FFDB5B02C7A	NULL (NULL:0) (asyncoremt:0x00007FFDB5AD0000) ( 0x4eab08f0, 0x0, 0x4eac6370, 0x0 ) 
0x00007FFDB5B0305F	NULL (NULL:0) (asyncoremt:0x00007FFDB5AD0000) ( 0x4ed43920, 0x0, 0x0, 0x0 ) 
0x00007FFDD7B810B2	NULL (NULL:0) (ucrtbase:0x00007FFDD7B60000) ( 0x0, 0x0, 0x0, 0x0 ) 
0x00007FFDD8A67C24	NULL (NULL:0) (KERNEL32:0x00007FFDD8A50000) ( 0x0, 0x0, 0x0, 0x0 ) 

Thread 444
=====================
0x00007FFDDA9DCF24	NULL (NULL:0) (ntdll:0x00007FFDDA940000) ( 0x70352f40, 0xffd0, 0x8, 0x4ec90000 ) 
0x00007FFDD78F1E83	NULL (NULL:0) (KERNELBASE:0x00007FFDD78B0000) ( 0xb5b66138, 0x70352f40, 0x0, 0x474 ) 
0x00007FFDA763166B	NULL (NULL:0) (baselibmt:0x00007FFDA7600000) ( 0x56f91500, 0x56f91430, 0x1, 0x56f91500 ) 
0x00007FFDB5B06F95	NULL (NULL:0) (asyncoremt:0x00007FFDB5AD0000) ( 0x1, 0x16e92, 0x0, 0x0 ) 
0x00007FFDA76F69A2	NULL (NULL:0) (baselibmt:0x00007FFDA7600000) ( 0x0, 0x4ed43c00, 0x4da01780, 0x7fffffff ) 
0x00007FFDD7B810B2	NULL (NULL:0) (ucrtbase:0x00007FFDD7B60000) ( 0x0, 0x0, 0x0, 0x0 ) 
0x00007FFDD8A67C24	NULL (NULL:0) (KERNEL32:0x00007FFDD8A50000) ( 0x0, 0x0, 0x0, 0x0 ) 

Thread 420
=====================
0x00007FFDDA9E0834	NULL (NULL:0) (ntdll:0x00007FFDDA940000) ( 0x4edfbfa8, 0x4edfbfa8, 0x4ed5ecf0, 0x0 ) 
0x00007FFDDA973FE0	NULL (NULL:0) (ntdll:0x00007FFDDA940000) ( 0x0, 0x0, 0x0, 0x0 ) 
0x00007FFDD8A67C24	NULL (NULL:0) (KERNEL32:0x00007FFDD8A50000) ( 0x0, 0x0, 0x0, 0x0 ) 

Thread 9792
=====================
0x00007FFDDA9DCFC4	NULL (NULL:0) (ntdll:0x00007FFDDA940000) ( 0x0, 0x0, 0x1, 0xd6fd0000 ) 
0x00007FFDD6FE0BF8	NULL (NULL:0) (mswsock:0x00007FFDD6FD0000) ( 0xd6fd3ac0, 0x20c5f750, 0x0, 0x0 ) 
0x00007FFDD8A67C24	NULL (NULL:0) (KERNEL32:0x00007FFDD8A50000) ( 0x0, 0x0, 0x0, 0x0 ) 

Thread 15932
=====================
0x00007FFDDA9DD524	NULL (NULL:0) (ntdll:0x00007FFDDA940000) ( 0xe1f9fc48, 0x4eec0870, 0x0, 0x4eac7df0 ) 
0x00007FFDD78FFC11	NULL (NULL:0) (KERNELBASE:0x00007FFDD78B0000) ( 0x0, 0x0, 0xc00000bb, 0x0 ) 
0x00007FF689BA5893	NULL (NULL:0) (xtop:0x00007FF688940000) ( 0x4eac9850, 0x4eac38b0, 0x50fbe3d8, 0x0 ) 
0x00007FFDB5B02F1F	NULL (NULL:0) (asyncoremt:0x00007FFDB5AD0000) ( 0x4eac9850, 0x4eacc380, 0x50fbe3d8, 0x4eac38b0 ) 
0x00007FFDB5B02C7A	NULL (NULL:0) (asyncoremt:0x00007FFDB5AD0000) ( 0x4eab08f0, 0x0, 0x4eacc380, 0x0 ) 
0x00007FFDB5B0305F	NULL (NULL:0) (asyncoremt:0x00007FFDB5AD0000) ( 0x514c2bc0, 0x0, 0x0, 0x0 ) 
0x00007FFDD7B810B2	NULL (NULL:0) (ucrtbase:0x00007FFDD7B60000) ( 0x0, 0x0, 0x0, 0x0 ) 
0x00007FFDD8A67C24	NULL (NULL:0) (KERNEL32:0x00007FFDD8A50000) ( 0x0, 0x0, 0x0, 0x0 ) 

Thread 16312
=====================
0x00007FFDDA9DD9F4	NULL (NULL:0) (ntdll:0x00007FFDDA940000) ( 0x0, 0x0, 0x0, 0x0 ) 
0x00007FFDD7902AD7	NULL (NULL:0) (KERNELBASE:0x00007FFDD78B0000) ( 0x0, 0x0, 0x0, 0x0 ) 
0x00007FFDD79029BE	NULL (NULL:0) (KERNELBASE:0x00007FFDD78B0000) ( 0x0, 0x0, 0x0, 0x0 ) 
0x00007FF68F2E6F38	NULL (NULL:0) (xtop:0x00007FF688940000) ( 0x0, 0x0, 0x0, 0x0 ) 
0x00007FFDD8A67C24	NULL (NULL:0) (KERNEL32:0x00007FFDD8A50000) ( 0x0, 0x0, 0x0, 0x0 ) 

Thread 9820
=====================
0x00007FFDDA9DCF24	NULL (NULL:0) (ntdll:0x00007FFDDA940000) ( 0x1, 0x1a801, 0x291dae90, 0xda9806e1 ) 
0x00007FFDD78F1E83	NULL (NULL:0) (KERNELBASE:0x00007FFDD78B0000) ( 0x51ea9080, 0x291dae90, 0x0, 0xa14 ) 
0x00007FFD6B98C56A	NULL (NULL:0) (nvoglv64:0x00007FFD6AD10000) ( 0x103, 0x52407e08, 0x19, 0x51ea9080 ) 
0x00007FFD6B70D50D	NULL (NULL:0) (nvoglv64:0x00007FFD6AD10000) ( 0x524082c0, 0x524082c0, 0x0, 0x51ea9080 ) 
0x00007FFD6B70CEDE	NULL (NULL:0) (nvoglv64:0x00007FFD6AD10000) ( 0x524082c0, 0x0, 0x0, 0x0 ) 
0x00007FFD6B98D6B8	NULL (NULL:0) (nvoglv64:0x00007FFD6AD10000) ( 0x0, 0x0, 0x0, 0x0 ) 
0x00007FFDD8A67C24	NULL (NULL:0) (KERNEL32:0x00007FFDD8A50000) ( 0x0, 0x0, 0x0, 0x0 ) 

Thread 6028
=====================
0x00007FFDDA9DD9F4	NULL (NULL:0) (ntdll:0x00007FFDDA940000) ( 0x0, 0x0, 0x0, 0x0 ) 
0x00007FFDD7902AD7	NULL (NULL:0) (KERNELBASE:0x00007FFDD78B0000) ( 0x0, 0x0, 0x5247eed0, 0x0 ) 
0x00007FFDD79029BE	NULL (NULL:0) (KERNELBASE:0x00007FFDD78B0000) ( 0xe36afd80, 0x0, 0x5247eed0, 0x0 ) 
0x00007FFD6B9C5A87	NULL (NULL:0) (nvoglv64:0x00007FFD6AD10000) ( 0x52479a60, 0x524b4b40, 0x0, 0x0 ) 
0x00007FFD6B9C4FB9	NULL (NULL:0) (nvoglv64:0x00007FFD6AD10000) ( 0x0, 0x0, 0x0, 0x0 ) 
0x00007FFD6BE96AD8	NULL (NULL:0) (nvoglv64:0x00007FFD6AD10000) ( 0x0, 0x0, 0x0, 0x0 ) 
0x00007FFDD8A67C24	NULL (NULL:0) (KERNEL32:0x00007FFDD8A50000) ( 0x0, 0x0, 0x0, 0x0 ) 

Thread 8540
=====================
0x00007FFDDA9DF114	NULL (NULL:0) (ntdll:0x00007FFDDA940000) ( 0x0, 0x0, 0x0, 0x0 ) 
0x00007FFDD78BCB00	NULL (NULL:0) (KERNELBASE:0x00007FFDD78B0000) ( 0x0, 0x0, 0x0, 0x0 ) 
0x00007FFD6E7BFEEE	NULL (NULL:0) (libui_sh:0x00007FFD6E5F0000) ( 0x4, 0x1, 0x4, 0x516ada38 ) 
0x00007FFDD8A67C24	NULL (NULL:0) (KERNEL32:0x00007FFDD8A50000) ( 0x0, 0x0, 0x0, 0x0 ) 

Thread 7104
=====================
0x00007FFDDA9DCF24	NULL (NULL:0) (ntdll:0x00007FFDDA940000) ( 0x1, 0xb5b02a4d, 0x56fac4a0, 0x56fa79d0 ) 
0x00007FFDD78F1E83	NULL (NULL:0) (KERNELBASE:0x00007FFDD78B0000) ( 0x50fbe3d8, 0x0, 0x0, 0xbcc ) 
0x00007FFDA7631697	NULL (NULL:0) (baselibmt:0x00007FFDA7600000) ( 0x50fbe3d8, 0x56fac4a0, 0x50fbe3d8, 0x56fac4a0 ) 
0x00007FFDB5B02D65	NULL (NULL:0) (asyncoremt:0x00007FFDB5AD0000) ( 0x4eab08f0, 0x0, 0x4ead3cb0, 0x0 ) 
0x00007FFDB5B0305F	NULL (NULL:0) (asyncoremt:0x00007FFDB5AD0000) ( 0x514b4c90, 0x0, 0x0, 0x0 ) 
0x00007FFDD7B810B2	NULL (NULL:0) (ucrtbase:0x00007FFDD7B60000) ( 0x0, 0x0, 0x0, 0x0 ) 
0x00007FFDD8A67C24	NULL (NULL:0) (KERNEL32:0x00007FFDD8A50000) ( 0x0, 0x0, 0x0, 0x0 ) 

Thread 10496
=====================
0x00007FFDDA9DCF24	NULL (NULL:0) (ntdll:0x00007FFDDA940000) ( 0x1, 0xb5b02a4d, 0x56fb3870, 0x56fa7650 ) 
0x00007FFDD78F1E83	NULL (NULL:0) (KERNELBASE:0x00007FFDD78B0000) ( 0x50fbe3d8, 0x0, 0x0, 0xbb8 ) 
0x00007FFDA7631697	NULL (NULL:0) (baselibmt:0x00007FFDA7600000) ( 0x50fbe3d8, 0x56fb3870, 0x50fbe3d8, 0x56fb3870 ) 
0x00007FFDB5B02D65	NULL (NULL:0) (asyncoremt:0x00007FFDB5AD0000) ( 0x4eab08f0, 0x0, 0x4ead4290, 0x0 ) 
0x00007FFDB5B0305F	NULL (NULL:0) (asyncoremt:0x00007FFDB5AD0000) ( 0x514b4cc0, 0x0, 0x0, 0x0 ) 
0x00007FFDD7B810B2	NULL (NULL:0) (ucrtbase:0x00007FFDD7B60000) ( 0x0, 0x0, 0x0, 0x0 ) 
0x00007FFDD8A67C24	NULL (NULL:0) (KERNEL32:0x00007FFDD8A50000) ( 0x0, 0x0, 0x0, 0x0 ) 

Thread 3048
=====================
0x00007FFDDA9DCF24	NULL (NULL:0) (ntdll:0x00007FFDDA940000) ( 0x10, 0xafc61fdb, 0x199a5ba0, 0x4eec0870 ) 
0x00007FFDD78F1E83	NULL (NULL:0) (KERNELBASE:0x00007FFDD78B0000) ( 0x52682d68, 0x0, 0x0, 0xbdc ) 
0x00007FFDA763166B	NULL (NULL:0) (baselibmt:0x00007FFDA7600000) ( 0x0, 0x1, 0x8, 0x4eab0bf8 ) 
0x00007FFDA76F6BE5	NULL (NULL:0) (baselibmt:0x00007FFDA7600000) ( 0x0, 0x4d965b00, 0x52682d50, 0x7fffffff ) 
0x00007FFDD7B810B2	NULL (NULL:0) (ucrtbase:0x00007FFDD7B60000) ( 0x0, 0x0, 0x0, 0x0 ) 
0x00007FFDD8A67C24	NULL (NULL:0) (KERNEL32:0x00007FFDD8A50000) ( 0x0, 0x0, 0x0, 0x0 ) 

Thread 6436
=====================
0x00007FFDDA9DCF24	NULL (NULL:0) (ntdll:0x00007FFDDA940000) ( 0x1, 0xb5b02a4d, 0x56fb1f80, 0x56fa7140 ) 
0x00007FFDD78F1E83	NULL (NULL:0) (KERNELBASE:0x00007FFDD78B0000) ( 0x50fbe3d8, 0x4eab0bf8, 0x0, 0xc40 ) 
0x00007FFDA7631697	NULL (NULL:0) (baselibmt:0x00007FFDA7600000) ( 0x50fbe3d8, 0x56fb1f80, 0x50fbe3d8, 0x56fb1f80 ) 
0x00007FFDB5B02D65	NULL (NULL:0) (asyncoremt:0x00007FFDB5AD0000) ( 0x4eab08f0, 0x0, 0x4eade7c0, 0x0 ) 
0x00007FFDB5B0305F	NULL (NULL:0) (asyncoremt:0x00007FFDB5AD0000) ( 0x526c3510, 0x0, 0x0, 0x0 ) 
0x00007FFDD7B810B2	NULL (NULL:0) (ucrtbase:0x00007FFDD7B60000) ( 0x0, 0x0, 0x0, 0x0 ) 
0x00007FFDD8A67C24	NULL (NULL:0) (KERNEL32:0x00007FFDD8A50000) ( 0x0, 0x0, 0x0, 0x0 ) 

Thread 5972
=====================
0x00007FFDD88C9A84	NULL (NULL:0) (win32u:0x00007FFDD88C0000) ( 0xfbf46d34, 0x6b98f0a0, 0x6ad10000, 0x0 ) 
0x00007FFDD8B31CBD	NULL (NULL:0) (USER32:0x00007FFDD8B10000) ( 0x0, 0xd79188cb, 0x0, 0x6ad10000 ) 
0x00007FFDD8B31BA3	NULL (NULL:0) (USER32:0x00007FFDD8B10000) ( 0x0, 0xe7bdfc90, 0x0, 0x526bae70 ) 
0x00007FFD6B98492F	NULL (NULL:0) (nvoglv64:0x00007FFD6AD10000) ( 0x0, 0x0, 0x0, 0x0 ) 
0x00007FFDD8A67C24	NULL (NULL:0) (KERNEL32:0x00007FFDD8A50000) ( 0x0, 0x0, 0x0, 0x0 ) 

Thread 15072
=====================
0x00007FFDDA9DCF24	NULL (NULL:0) (ntdll:0x00007FFDDA940000) ( 0x0, 0x0, 0x0, 0x0 ) 
0x00007FFDD78F1E83	NULL (NULL:0) (KERNELBASE:0x00007FFDD78B0000) ( 0x5ca2d820, 0x0, 0x0, 0xda4 ) 
0x00007FFD81D1EAFD	NULL (NULL:0) (nvwgf2umx:0x00007FFD81600000) ( 0x0, 0x0, 0x5c931e90, 0x0 ) 
0x00007FFD82C37F1C	NULL (NULL:0) (nvwgf2umx:0x00007FFD81600000) ( 0x0, 0x0, 0x0, 0x0 ) 
0x00007FFDD8A67C24	NULL (NULL:0) (KERNEL32:0x00007FFDD8A50000) ( 0x0, 0x0, 0x0, 0x0 ) 

Thread 7596
=====================
0x00007FFDDA9DCF24	NULL (NULL:0) (ntdll:0x00007FFDDA940000) ( 0x0, 0x0, 0x0, 0x0 ) 
0x00007FFDD78F1E83	NULL (NULL:0) (KERNELBASE:0x00007FFDD78B0000) ( 0x5ca2d820, 0x0, 0x0, 0xda4 ) 
0x00007FFD81D1EAFD	NULL (NULL:0) (nvwgf2umx:0x00007FFD81600000) ( 0x0, 0x0, 0x5c931890, 0x0 ) 
0x00007FFD82C37F1C	NULL (NULL:0) (nvwgf2umx:0x00007FFD81600000) ( 0x0, 0x0, 0x0, 0x0 ) 
0x00007FFDD8A67C24	NULL (NULL:0) (KERNEL32:0x00007FFDD8A50000) ( 0x0, 0x0, 0x0, 0x0 ) 

Thread 14852
=====================
0x00007FFDDA9DCF24	NULL (NULL:0) (ntdll:0x00007FFDDA940000) ( 0x0, 0x0, 0x0, 0x0 ) 
0x00007FFDD78F1E83	NULL (NULL:0) (KERNELBASE:0x00007FFDD78B0000) ( 0x5ca2d820, 0x0, 0x0, 0xda4 ) 
0x00007FFD81D1EAFD	NULL (NULL:0) (nvwgf2umx:0x00007FFD81600000) ( 0x0, 0x0, 0x526ac510, 0x0 ) 
0x00007FFD82C37F1C	NULL (NULL:0) (nvwgf2umx:0x00007FFD81600000) ( 0x0, 0x0, 0x0, 0x0 ) 
0x00007FFDD8A67C24	NULL (NULL:0) (KERNEL32:0x00007FFDD8A50000) ( 0x0, 0x0, 0x0, 0x0 ) 

Thread 14612
=====================
0x00007FFDDA9DCF24	NULL (NULL:0) (ntdll:0x00007FFDDA940000) ( 0x0, 0x0, 0x0, 0x0 ) 
0x00007FFDD78F1E83	NULL (NULL:0) (KERNELBASE:0x00007FFDD78B0000) ( 0x5ca2d820, 0x0, 0x0, 0xda4 ) 
0x00007FFD81D1EAFD	NULL (NULL:0) (nvwgf2umx:0x00007FFD81600000) ( 0x0, 0x0, 0x526ac930, 0x0 ) 
0x00007FFD82C37F1C	NULL (NULL:0) (nvwgf2umx:0x00007FFD81600000) ( 0x0, 0x0, 0x0, 0x0 ) 
0x00007FFDD8A67C24	NULL (NULL:0) (KERNEL32:0x00007FFDD8A50000) ( 0x0, 0x0, 0x0, 0x0 ) 

Thread 2580
=====================
0x00007FFDDA9DD9F4	NULL (NULL:0) (ntdll:0x00007FFDDA940000) ( 0x0, 0x0, 0x0, 0x0 ) 
0x00007FFDD7902AD7	NULL (NULL:0) (KERNELBASE:0x00007FFDD78B0000) ( 0x0, 0xd7914e7b, 0x66eb4890, 0x83fa9840 ) 
0x00007FFDD79029BE	NULL (NULL:0) (KERNELBASE:0x00007FFDD78B0000) ( 0x406d1388, 0x0, 0xd78f3b19, 0x6 ) 
0x00007FFD819B8A57	NULL (NULL:0) (nvwgf2umx:0x00007FFD81600000) ( 0x66eb4890, 0x83fa9840, 0x66eb4890, 0x0 ) 
0x00007FFD81C8157A	NULL (NULL:0) (nvwgf2umx:0x00007FFD81600000) ( 0x66ed0b50, 0x0, 0x0, 0x0 ) 
0x00007FFD82C37F1C	NULL (NULL:0) (nvwgf2umx:0x00007FFD81600000) ( 0x0, 0x0, 0x0, 0x0 ) 
0x00007FFDD8A67C24	NULL (NULL:0) (KERNEL32:0x00007FFDD8A50000) ( 0x0, 0x0, 0x0, 0x0 ) 

Thread 3388
=====================
0x00007FFDDA9DCF24	NULL (NULL:0) (ntdll:0x00007FFDDA940000) ( 0x4ecd0870, 0xffd0, 0x0, 0x4ecd0000 ) 
0x00007FFDD78F1E83	NULL (NULL:0) (KERNELBASE:0x00007FFDD78B0000) ( 0xb5b66138, 0x4ecd0870, 0x0, 0x474 ) 
0x00007FFDA763166B	NULL (NULL:0) (baselibmt:0x00007FFDA7600000) ( 0x56f90fc0, 0x56f90ef0, 0x1, 0x56f90fc0 ) 
0x00007FFDB5B06F95	NULL (NULL:0) (asyncoremt:0x00007FFDB5AD0000) ( 0x1, 0x5863, 0x0, 0x0 ) 
0x00007FFDA76F69A2	NULL (NULL:0) (baselibmt:0x00007FFDA7600000) ( 0x0, 0x67b1ca00, 0x674be430, 0x0 ) 
0x00007FFDD7B810B2	NULL (NULL:0) (ucrtbase:0x00007FFDD7B60000) ( 0x0, 0x0, 0x0, 0x0 ) 
0x00007FFDD8A67C24	NULL (NULL:0) (KERNEL32:0x00007FFDD8A50000) ( 0x0, 0x0, 0x0, 0x0 ) 

Thread 16348
=====================
0x00007FFDDA9DCF24	NULL (NULL:0) (ntdll:0x00007FFDDA940000) ( 0x50fbee70, 0xffd0, 0x8, 0x4eec0000 ) 
0x00007FFDD78F1E83	NULL (NULL:0) (KERNELBASE:0x00007FFDD78B0000) ( 0xb5b66138, 0x50fbee70, 0x0, 0x474 ) 
0x00007FFDA763166B	NULL (NULL:0) (baselibmt:0x00007FFDA7600000) ( 0x56f918f0, 0x56f91820, 0x1, 0x56f918f0 ) 
0x00007FFDB5B06F95	NULL (NULL:0) (asyncoremt:0x00007FFDB5AD0000) ( 0x1, 0x57be, 0x0, 0x0 ) 
0x00007FFDA76F69A2	NULL (NULL:0) (baselibmt:0x00007FFDA7600000) ( 0x0, 0x67b1ca00, 0x674bdab0, 0x0 ) 
0x00007FFDD7B810B2	NULL (NULL:0) (ucrtbase:0x00007FFDD7B60000) ( 0x0, 0x0, 0x0, 0x0 ) 
0x00007FFDD8A67C24	NULL (NULL:0) (KERNEL32:0x00007FFDD8A50000) ( 0x0, 0x0, 0x0, 0x0 ) 

Thread 3740
=====================
0x00007FFDDA9DCF24	NULL (NULL:0) (ntdll:0x00007FFDDA940000) ( 0x0, 0x0, 0x0, 0x0 ) 
0x00007FFDD78F1E83	NULL (NULL:0) (KERNELBASE:0x00007FFDD78B0000) ( 0x6769d8d0, 0x0, 0x0, 0xf04 ) 
0x00007FFD81D1EAFD	NULL (NULL:0) (nvwgf2umx:0x00007FFD81600000) ( 0x0, 0x0, 0x66ec7850, 0x0 ) 
0x00007FFD82C37F1C	NULL (NULL:0) (nvwgf2umx:0x00007FFD81600000) ( 0x0, 0x0, 0x0, 0x0 ) 
0x00007FFDD8A67C24	NULL (NULL:0) (KERNEL32:0x00007FFDD8A50000) ( 0x0, 0x0, 0x0, 0x0 ) 

Thread 5908
=====================
0x00007FFDDA9DCF24	NULL (NULL:0) (ntdll:0x00007FFDDA940000) ( 0x0, 0x0, 0x0, 0x0 ) 
0x00007FFDD78F1E83	NULL (NULL:0) (KERNELBASE:0x00007FFDD78B0000) ( 0x6769d8d0, 0x0, 0x0, 0xf04 ) 
0x00007FFD81D1EAFD	NULL (NULL:0) (nvwgf2umx:0x00007FFD81600000) ( 0x0, 0x0, 0x66ec7190, 0x0 ) 
0x00007FFD82C37F1C	NULL (NULL:0) (nvwgf2umx:0x00007FFD81600000) ( 0x0, 0x0, 0x0, 0x0 ) 
0x00007FFDD8A67C24	NULL (NULL:0) (KERNEL32:0x00007FFDD8A50000) ( 0x0, 0x0, 0x0, 0x0 ) 

Thread 4356
=====================
0x00007FFDDA9DCF24	NULL (NULL:0) (ntdll:0x00007FFDDA940000) ( 0x0, 0x0, 0x0, 0x0 ) 
0x00007FFDD78F1E83	NULL (NULL:0) (KERNELBASE:0x00007FFDD78B0000) ( 0x6769d8d0, 0x0, 0x0, 0xf04 ) 
0x00007FFD81D1EAFD	NULL (NULL:0) (nvwgf2umx:0x00007FFD81600000) ( 0x0, 0x0, 0x66ec77c0, 0x0 ) 
0x00007FFD82C37F1C	NULL (NULL:0) (nvwgf2umx:0x00007FFD81600000) ( 0x0, 0x0, 0x0, 0x0 ) 
0x00007FFDD8A67C24	NULL (NULL:0) (KERNEL32:0x00007FFDD8A50000) ( 0x0, 0x0, 0x0, 0x0 ) 

Thread 5208
=====================
0x00007FFDDA9DCF24	NULL (NULL:0) (ntdll:0x00007FFDDA940000) ( 0x0, 0x0, 0x0, 0x0 ) 
0x00007FFDD78F1E83	NULL (NULL:0) (KERNELBASE:0x00007FFDD78B0000) ( 0x6769d8d0, 0x0, 0x0, 0xf04 ) 
0x00007FFD81D1EAFD	NULL (NULL:0) (nvwgf2umx:0x00007FFD81600000) ( 0x0, 0x0, 0x67199620, 0x0 ) 
0x00007FFD82C37F1C	NULL (NULL:0) (nvwgf2umx:0x00007FFD81600000) ( 0x0, 0x0, 0x0, 0x0 ) 
0x00007FFDD8A67C24	NULL (NULL:0) (KERNEL32:0x00007FFDD8A50000) ( 0x0, 0x0, 0x0, 0x0 ) 

Thread 15436
=====================
0x00007FFDDA9DCF24	NULL (NULL:0) (ntdll:0x00007FFDDA940000) ( 0x0, 0x0, 0x0, 0x0 ) 
0x00007FFDD78F1E83	NULL (NULL:0) (KERNELBASE:0x00007FFDD78B0000) ( 0x676a1de0, 0x0, 0x0, 0x10d0 ) 
0x00007FFD81D1EAFD	NULL (NULL:0) (nvwgf2umx:0x00007FFD81600000) ( 0x0, 0x0, 0x67c9ca70, 0x0 ) 
0x00007FFD82C37F1C	NULL (NULL:0) (nvwgf2umx:0x00007FFD81600000) ( 0x0, 0x0, 0x0, 0x0 ) 
0x00007FFDD8A67C24	NULL (NULL:0) (KERNEL32:0x00007FFDD8A50000) ( 0x0, 0x0, 0x0, 0x0 ) 

Thread 10884
=====================
0x00007FFDDA9DCF24	NULL (NULL:0) (ntdll:0x00007FFDDA940000) ( 0x0, 0x0, 0x0, 0x0 ) 
0x00007FFDD78F1E83	NULL (NULL:0) (KERNELBASE:0x00007FFDD78B0000) ( 0x676a1de0, 0x0, 0x0, 0x10d0 ) 
0x00007FFD81D1EAFD	NULL (NULL:0) (nvwgf2umx:0x00007FFD81600000) ( 0x0, 0x0, 0x67c9d130, 0x0 ) 
0x00007FFD82C37F1C	NULL (NULL:0) (nvwgf2umx:0x00007FFD81600000) ( 0x0, 0x0, 0x0, 0x0 ) 
0x00007FFDD8A67C24	NULL (NULL:0) (KERNEL32:0x00007FFDD8A50000) ( 0x0, 0x0, 0x0, 0x0 ) 

Thread 16024
=====================
0x00007FFDDA9DCF24	NULL (NULL:0) (ntdll:0x00007FFDDA940000) ( 0x0, 0x0, 0x0, 0x0 ) 
0x00007FFDD78F1E83	NULL (NULL:0) (KERNELBASE:0x00007FFDD78B0000) ( 0x676a1de0, 0x0, 0x0, 0x10d0 ) 
0x00007FFD81D1EAFD	NULL (NULL:0) (nvwgf2umx:0x00007FFD81600000) ( 0x0, 0x0, 0x67c9d220, 0x0 ) 
0x00007FFD82C37F1C	NULL (NULL:0) (nvwgf2umx:0x00007FFD81600000) ( 0x0, 0x0, 0x0, 0x0 ) 
0x00007FFDD8A67C24	NULL (NULL:0) (KERNEL32:0x00007FFDD8A50000) ( 0x0, 0x0, 0x0, 0x0 ) 

Thread 6580
=====================
0x00007FFDDA9DCF24	NULL (NULL:0) (ntdll:0x00007FFDDA940000) ( 0x0, 0x0, 0x0, 0x0 ) 
0x00007FFDD78F1E83	NULL (NULL:0) (KERNELBASE:0x00007FFDD78B0000) ( 0x676a1de0, 0x0, 0x0, 0x10d0 ) 
0x00007FFD81D1EAFD	NULL (NULL:0) (nvwgf2umx:0x00007FFD81600000) ( 0x0, 0x0, 0x67c9d160, 0x0 ) 
0x00007FFD82C37F1C	NULL (NULL:0) (nvwgf2umx:0x00007FFD81600000) ( 0x0, 0x0, 0x0, 0x0 ) 
0x00007FFDD8A67C24	NULL (NULL:0) (KERNEL32:0x00007FFDD8A50000) ( 0x0, 0x0, 0x0, 0x0 ) 

Thread 12300
=====================
0x00007FFDDA9DCF24	NULL (NULL:0) (ntdll:0x00007FFDDA940000) ( 0x10, 0xafc61fdb, 0x199a2f30, 0x4eec0870 ) 
0x00007FFDD78F1E83	NULL (NULL:0) (KERNELBASE:0x00007FFDD78B0000) ( 0x674bd048, 0x0, 0x0, 0x1198 ) 
0x00007FFDA763166B	NULL (NULL:0) (baselibmt:0x00007FFDA7600000) ( 0x0, 0x1, 0x8, 0x4eab0bf8 ) 
0x00007FFDA76F6BE5	NULL (NULL:0) (baselibmt:0x00007FFDA7600000) ( 0x0, 0x66ed7200, 0x674bd030, 0x7fffffff ) 
0x00007FFDD7B810B2	NULL (NULL:0) (ucrtbase:0x00007FFDD7B60000) ( 0x0, 0x0, 0x0, 0x0 ) 
0x00007FFDD8A67C24	NULL (NULL:0) (KERNEL32:0x00007FFDD8A50000) ( 0x0, 0x0, 0x0, 0x0 ) 

Thread 928
=====================
0x00007FFDDA9E07D4	NULL (NULL:0) (ntdll:0x00007FFDDA940000) ( 0x4eec0870, 0xafc5d1fd, 0x0, 0xea2afd40 ) 
0x00007FFDDA9A0F35	NULL (NULL:0) (ntdll:0x00007FFDDA940000) ( 0x511a19b0, 0x0, 0x511bef80, 0x0 ) 
0x00007FFDD792C839	NULL (NULL:0) (KERNELBASE:0x00007FFDD78B0000) ( 0x302b70d8, 0x5107b398, 0xfffffffe, 0x0 ) 
0x00007FFDAFC6D46F	NULL (NULL:0) (rtlcoremt:0x00007FFDAFC50000) ( 0x511bef80, 0x0, 0x0, 0x0 ) 
0x00007FFDA76F73F8	NULL (NULL:0) (baselibmt:0x00007FFDA7600000) ( 0x1, 0x511bef80, 0x0, 0x0 ) 
0x00007FF6900E77F8	NULL (NULL:0) (xtop:0x00007FF688940000) ( 0x0, 0x0, 0x0, 0x0 ) 
0x00007FFDA76F69A2	NULL (NULL:0) (baselibmt:0x00007FFDA7600000) ( 0x0, 0x66ed7000, 0x674be5b0, 0x7fffffff ) 
0x00007FFDD7B810B2	NULL (NULL:0) (ucrtbase:0x00007FFDD7B60000) ( 0x0, 0x0, 0x0, 0x0 ) 
0x00007FFDD8A67C24	NULL (NULL:0) (KERNEL32:0x00007FFDD8A50000) ( 0x0, 0x0, 0x0, 0x0 ) 

Thread 13884
=====================
0x00007FFDDA9DD524	NULL (NULL:0) (ntdll:0x00007FFDDA940000) ( 0xeaa5fc28, 0x51430198, 0x66132660, 0xaffcaae9 ) 
0x00007FFDD78FFC11	NULL (NULL:0) (KERNELBASE:0x00007FFDD78B0000) ( 0x0, 0x0, 0xc00000bb, 0x0 ) 
0x00007FFDA76F5728	NULL (NULL:0) (baselibmt:0x00007FFDA7600000) ( 0x1, 0x1, 0x1, 0x665b0090 ) 
0x00007FF68DF8A1B6	NULL (NULL:0) (xtop:0x00007FF688940000) ( 0x66133360, 0x0, 0x0, 0x66825940 ) 
0x00007FFDAFFCA5E4	NULL (NULL:0) (coretools_sh:0x00007FFDAFF80000) ( 0x0, 0x0, 0x0, 0x0 ) 
0x00007FFDA76F69A2	NULL (NULL:0) (baselibmt:0x00007FFDA7600000) ( 0x0, 0x67849900, 0x674bedb0, 0x0 ) 
0x00007FFDD7B810B2	NULL (NULL:0) (ucrtbase:0x00007FFDD7B60000) ( 0x0, 0x0, 0x0, 0x0 ) 
0x00007FFDD8A67C24	NULL (NULL:0) (KERNEL32:0x00007FFDD8A50000) ( 0x0, 0x0, 0x0, 0x0 ) 

Thread 12684
=====================
0x00007FFDDA9DCF24	NULL (NULL:0) (ntdll:0x00007FFDDA940000) ( 0x1, 0xb5b02a4d, 0x56fb1da0, 0x56fa7140 ) 
0x00007FFDD78F1E83	NULL (NULL:0) (KERNELBASE:0x00007FFDD78B0000) ( 0x50fbe3d8, 0x0, 0x0, 0x14dc ) 
0x00007FFDA7631697	NULL (NULL:0) (baselibmt:0x00007FFDA7600000) ( 0x50fbe3d8, 0x56fb1da0, 0x50fbe3d8, 0x56fb1da0 ) 
0x00007FFDB5B02D65	NULL (NULL:0) (asyncoremt:0x00007FFDB5AD0000) ( 0x4eab08f0, 0x0, 0x56fa1270, 0x0 ) 
0x00007FFDB5B0305F	NULL (NULL:0) (asyncoremt:0x00007FFDB5AD0000) ( 0x67849e70, 0x0, 0x0, 0x0 ) 
0x00007FFDD7B810B2	NULL (NULL:0) (ucrtbase:0x00007FFDD7B60000) ( 0x0, 0x0, 0x0, 0x0 ) 
0x00007FFDD8A67C24	NULL (NULL:0) (KERNEL32:0x00007FFDD8A50000) ( 0x0, 0x0, 0x0, 0x0 ) 

Thread 232
=====================
0x00007FFDDA9DD9F4	NULL (NULL:0) (ntdll:0x00007FFDDA940000) ( 0x45004e, 0xbc595ae1, 0x650072, 0x750047 ) 
0x00007FFDD7902AD7	NULL (NULL:0) (KERNELBASE:0x00007FFDD78B0000) ( 0x67949a70, 0xe839fc19, 0x67949a70, 0x67949a70 ) 
0x00007FFDBC6A27CF	NULL (NULL:0) (clr:0x00007FFDBC590000) ( 0x67949a70, 0x67949a70, 0x0, 0x5cae9eb0 ) 
0x00007FFDBC6A26EB	NULL (NULL:0) (clr:0x00007FFDBC590000) ( 0x0, 0x0, 0x0, 0x0 ) 
0x00007FFDBC6A25E1	NULL (NULL:0) (clr:0x00007FFDBC590000) ( 0x0, 0x0, 0x0, 0x0 ) 
0x00007FFDD8A67C24	NULL (NULL:0) (KERNEL32:0x00007FFDD8A50000) ( 0x0, 0x0, 0x0, 0x0 ) 

Thread 12188
=====================
0x00007FFDDA9DD9F4	NULL (NULL:0) (ntdll:0x00007FFDDA940000) ( 0xeb9bf2d0, 0xd791383c, 0x0, 0x128 ) 
0x00007FFDD7902AD7	NULL (NULL:0) (KERNELBASE:0x00007FFDD78B0000) ( 0x0, 0x0, 0x0, 0x0 ) 
0x00007FFDBC6F9F67	NULL (NULL:0) (clr:0x00007FFDBC590000) ( 0xbc5f5bb0, 0xeb9bf768, 0x18, 0xbc595a93 ) 
0x00007FFDBC5F5C03	NULL (NULL:0) (clr:0x00007FFDBC590000) ( 0xeb9bf768, 0xbc5f5bb0, 0xeb9bf880, 0xeb9bf290 ) 
0x00007FFDBC597CE0	NULL (NULL:0) (clr:0x00007FFDBC590000) ( 0xeb9bf768, 0x675d2960, 0xeb9bf208, 0xeb9bf290 ) 
0x00007FFDBC597C53	NULL (NULL:0) (clr:0x00007FFDBC590000) ( 0xeb9bf768, 0x0, 0xeb9bf208, 0xeb9bf290 ) 
0x00007FFDBC597B92	NULL (NULL:0) (clr:0x00007FFDBC590000) ( 0xffffffff, 0x675d2960, 0xeb9bf208, 0xeb9bf290 ) 
0x00007FFDBC6954E6	NULL (NULL:0) (clr:0x00007FFDBC590000) ( 0x0, 0x0, 0x0, 0xbc6953d0 ) 
0x00007FFDBC59B5D5	NULL (NULL:0) (clr:0x00007FFDBC590000) ( 0x0, 0x0, 0x0, 0x0 ) 
0x00007FFDD8A67C24	NULL (NULL:0) (KERNEL32:0x00007FFDD8A50000) ( 0x0, 0x0, 0x0, 0x0 ) 

Thread 15500
=====================
0x00007FFDDA9DD524	NULL (NULL:0) (ntdll:0x00007FFDDA940000) ( 0xec16f828, 0xb0011f0d, 0x60a3d4cb, 0x1bfef75c ) 
0x00007FFDD78FFC11	NULL (NULL:0) (KERNELBASE:0x00007FFDD78B0000) ( 0x0, 0x0, 0xc00000bb, 0x0 ) 
0x00007FFDC4182359	NULL (NULL:0) (exitlogger_app_sh:0x00007FFDC4180000) ( 0x3c, 0x12c, 0x0, 0xda993c70 ) 
0x00007FFDA76F69A2	NULL (NULL:0) (baselibmt:0x00007FFDA7600000) ( 0x0, 0x678e4b00, 0x674bd8b0, 0x0 ) 
0x00007FFDD7B810B2	NULL (NULL:0) (ucrtbase:0x00007FFDD7B60000) ( 0x0, 0x0, 0x0, 0x0 ) 
0x00007FFDD8A67C24	NULL (NULL:0) (KERNEL32:0x00007FFDD8A50000) ( 0x0, 0x0, 0x0, 0x0 ) 

Thread 3000
=====================
0x00007FFDDA9DCF24	NULL (NULL:0) (ntdll:0x00007FFDDA940000) ( 0x0, 0x0, 0x0, 0x0 ) 
0x00007FFDD78F1E83	NULL (NULL:0) (KERNELBASE:0x00007FFDD78B0000) ( 0x678b80e0, 0x0, 0x0, 0x16a8 ) 
0x00007FFD81D1EAFD	NULL (NULL:0) (nvwgf2umx:0x00007FFD81600000) ( 0x0, 0x0, 0x7c590870, 0x0 ) 
0x00007FFD82C37F1C	NULL (NULL:0) (nvwgf2umx:0x00007FFD81600000) ( 0x0, 0x0, 0x0, 0x0 ) 
0x00007FFDD8A67C24	NULL (NULL:0) (KERNEL32:0x00007FFDD8A50000) ( 0x0, 0x0, 0x0, 0x0 ) 

Thread 5740
=====================
0x00007FFDDA9DCF24	NULL (NULL:0) (ntdll:0x00007FFDDA940000) ( 0x0, 0x0, 0x0, 0x0 ) 
0x00007FFDD78F1E83	NULL (NULL:0) (KERNELBASE:0x00007FFDD78B0000) ( 0x678b80e0, 0x0, 0x0, 0x16a8 ) 
0x00007FFD81D1EAFD	NULL (NULL:0) (nvwgf2umx:0x00007FFD81600000) ( 0x0, 0x0, 0x7c591980, 0x0 ) 
0x00007FFD82C37F1C	NULL (NULL:0) (nvwgf2umx:0x00007FFD81600000) ( 0x0, 0x0, 0x0, 0x0 ) 
0x00007FFDD8A67C24	NULL (NULL:0) (KERNEL32:0x00007FFDD8A50000) ( 0x0, 0x0, 0x0, 0x0 ) 

Thread 8468
=====================
0x00007FFDDA9DCF24	NULL (NULL:0) (ntdll:0x00007FFDDA940000) ( 0x0, 0x0, 0x0, 0x0 ) 
0x00007FFDD78F1E83	NULL (NULL:0) (KERNELBASE:0x00007FFDD78B0000) ( 0x678b80e0, 0x0, 0x0, 0x16a8 ) 
0x00007FFD81D1EAFD	NULL (NULL:0) (nvwgf2umx:0x00007FFD81600000) ( 0x0, 0x0, 0x67c9d340, 0x0 ) 
0x00007FFD82C37F1C	NULL (NULL:0) (nvwgf2umx:0x00007FFD81600000) ( 0x0, 0x0, 0x0, 0x0 ) 
0x00007FFDD8A67C24	NULL (NULL:0) (KERNEL32:0x00007FFDD8A50000) ( 0x0, 0x0, 0x0, 0x0 ) 

Thread 7360
=====================
0x00007FFDDA9DCF24	NULL (NULL:0) (ntdll:0x00007FFDDA940000) ( 0x0, 0x0, 0x0, 0x0 ) 
0x00007FFDD78F1E83	NULL (NULL:0) (KERNELBASE:0x00007FFDD78B0000) ( 0x678b80e0, 0x0, 0x0, 0x16a8 ) 
0x00007FFD81D1EAFD	NULL (NULL:0) (nvwgf2umx:0x00007FFD81600000) ( 0x0, 0x0, 0x67c9ce30, 0x0 ) 
0x00007FFD82C37F1C	NULL (NULL:0) (nvwgf2umx:0x00007FFD81600000) ( 0x0, 0x0, 0x0, 0x0 ) 
0x00007FFDD8A67C24	NULL (NULL:0) (KERNEL32:0x00007FFDD8A50000) ( 0x0, 0x0, 0x0, 0x0 ) 

Thread 15684
=====================
0x00007FFDDA9DD9F4	NULL (NULL:0) (ntdll:0x00007FFDDA940000) ( 0x0, 0xda9b2058, 0x0, 0x0 ) 
0x00007FFDD7902AD7	NULL (NULL:0) (KERNELBASE:0x00007FFDD78B0000) ( 0x0, 0xd7914e7b, 0x67db2bb0, 0x83fa9840 ) 
0x00007FFDD79029BE	NULL (NULL:0) (KERNELBASE:0x00007FFDD78B0000) ( 0x406d1388, 0x0, 0xd78f3b19, 0x6 ) 
0x00007FFD819B8A57	NULL (NULL:0) (nvwgf2umx:0x00007FFD81600000) ( 0x67db2bb0, 0x83fa9840, 0x67db2bb0, 0x0 ) 
0x00007FFD81C8157A	NULL (NULL:0) (nvwgf2umx:0x00007FFD81600000) ( 0x67ca8fe0, 0x0, 0x0, 0x0 ) 
0x00007FFD82C37F1C	NULL (NULL:0) (nvwgf2umx:0x00007FFD81600000) ( 0x0, 0x0, 0x0, 0x0 ) 
0x00007FFDD8A67C24	NULL (NULL:0) (KERNEL32:0x00007FFDD8A50000) ( 0x0, 0x0, 0x0, 0x0 ) 

Thread 344
=====================
0x00007FFDDA9DCF24	NULL (NULL:0) (ntdll:0x00007FFDDA940000) ( 0x0, 0x0, 0x0, 0x0 ) 
0x00007FFDD78F1E83	NULL (NULL:0) (KERNELBASE:0x00007FFDD78B0000) ( 0x7c7fadd0, 0x0, 0x0, 0x12ec ) 
0x00007FFD81D1EAFD	NULL (NULL:0) (nvwgf2umx:0x00007FFD81600000) ( 0x0, 0x0, 0x7c593900, 0x0 ) 
0x00007FFD82C37F1C	NULL (NULL:0) (nvwgf2umx:0x00007FFD81600000) ( 0x0, 0x0, 0x0, 0x0 ) 
0x00007FFDD8A67C24	NULL (NULL:0) (KERNEL32:0x00007FFDD8A50000) ( 0x0, 0x0, 0x0, 0x0 ) 

Thread 13400
=====================
0x00007FFDDA9DCF24	NULL (NULL:0) (ntdll:0x00007FFDDA940000) ( 0x0, 0x0, 0x0, 0x0 ) 
0x00007FFDD78F1E83	NULL (NULL:0) (KERNELBASE:0x00007FFDD78B0000) ( 0x7c7fadd0, 0x0, 0x0, 0x12ec ) 
0x00007FFD81D1EAFD	NULL (NULL:0) (nvwgf2umx:0x00007FFD81600000) ( 0x0, 0x0, 0x7c593600, 0x0 ) 
0x00007FFD82C37F1C	NULL (NULL:0) (nvwgf2umx:0x00007FFD81600000) ( 0x0, 0x0, 0x0, 0x0 ) 
0x00007FFDD8A67C24	NULL (NULL:0) (KERNEL32:0x00007FFDD8A50000) ( 0x0, 0x0, 0x0, 0x0 ) 

Thread 9520
=====================
0x00007FFDDA9DCF24	NULL (NULL:0) (ntdll:0x00007FFDDA940000) ( 0x0, 0x0, 0x0, 0x0 ) 
0x00007FFDD78F1E83	NULL (NULL:0) (KERNELBASE:0x00007FFDD78B0000) ( 0x7c7fadd0, 0x0, 0x0, 0x12ec ) 
0x00007FFD81D1EAFD	NULL (NULL:0) (nvwgf2umx:0x00007FFD81600000) ( 0x0, 0x0, 0x7c593630, 0x0 ) 
0x00007FFD82C37F1C	NULL (NULL:0) (nvwgf2umx:0x00007FFD81600000) ( 0x0, 0x0, 0x0, 0x0 ) 
0x00007FFDD8A67C24	NULL (NULL:0) (KERNEL32:0x00007FFDD8A50000) ( 0x0, 0x0, 0x0, 0x0 ) 

Thread 16040
=====================
0x00007FFDDA9DCF24	NULL (NULL:0) (ntdll:0x00007FFDDA940000) ( 0x0, 0x0, 0x0, 0x0 ) 
0x00007FFDD78F1E83	NULL (NULL:0) (KERNELBASE:0x00007FFDD78B0000) ( 0x7c7fadd0, 0x0, 0x0, 0x12ec ) 
0x00007FFD81D1EAFD	NULL (NULL:0) (nvwgf2umx:0x00007FFD81600000) ( 0x0, 0x0, 0x7c593e10, 0x0 ) 
0x00007FFD82C37F1C	NULL (NULL:0) (nvwgf2umx:0x00007FFD81600000) ( 0x0, 0x0, 0x0, 0x0 ) 
0x00007FFDD8A67C24	NULL (NULL:0) (KERNEL32:0x00007FFDD8A50000) ( 0x0, 0x0, 0x0, 0x0 ) 

Thread 13292
=====================
0x00007FFDDA9DCF24	NULL (NULL:0) (ntdll:0x00007FFDDA940000) ( 0x0, 0x0, 0x0, 0x0 ) 
0x00007FFDD78F1E83	NULL (NULL:0) (KERNELBASE:0x00007FFDD78B0000) ( 0x7c7f7e00, 0x0, 0x0, 0xdec ) 
0x00007FFD81D1EAFD	NULL (NULL:0) (nvwgf2umx:0x00007FFD81600000) ( 0x0, 0x0, 0x7be8ccd0, 0x0 ) 
0x00007FFD82C37F1C	NULL (NULL:0) (nvwgf2umx:0x00007FFD81600000) ( 0x0, 0x0, 0x0, 0x0 ) 
0x00007FFDD8A67C24	NULL (NULL:0) (KERNEL32:0x00007FFDD8A50000) ( 0x0, 0x0, 0x0, 0x0 ) 

Thread 308
=====================
0x00007FFDDA9DCF24	NULL (NULL:0) (ntdll:0x00007FFDDA940000) ( 0x0, 0x0, 0x0, 0x0 ) 
0x00007FFDD78F1E83	NULL (NULL:0) (KERNELBASE:0x00007FFDD78B0000) ( 0x7c7f7e00, 0x0, 0x0, 0xdec ) 
0x00007FFD81D1EAFD	NULL (NULL:0) (nvwgf2umx:0x00007FFD81600000) ( 0x0, 0x0, 0x7be8b680, 0x0 ) 
0x00007FFD82C37F1C	NULL (NULL:0) (nvwgf2umx:0x00007FFD81600000) ( 0x0, 0x0, 0x0, 0x0 ) 
0x00007FFDD8A67C24	NULL (NULL:0) (KERNEL32:0x00007FFDD8A50000) ( 0x0, 0x0, 0x0, 0x0 ) 

Thread 16208
=====================
0x00007FFDDA9DCF24	NULL (NULL:0) (ntdll:0x00007FFDDA940000) ( 0x0, 0x0, 0x0, 0x0 ) 
0x00007FFDD78F1E83	NULL (NULL:0) (KERNELBASE:0x00007FFDD78B0000) ( 0x7c7f7e00, 0x0, 0x0, 0xdec ) 
0x00007FFD81D1EAFD	NULL (NULL:0) (nvwgf2umx:0x00007FFD81600000) ( 0x0, 0x0, 0x7be8b650, 0x0 ) 
0x00007FFD82C37F1C	NULL (NULL:0) (nvwgf2umx:0x00007FFD81600000) ( 0x0, 0x0, 0x0, 0x0 ) 
0x00007FFDD8A67C24	NULL (NULL:0) (KERNEL32:0x00007FFDD8A50000) ( 0x0, 0x0, 0x0, 0x0 ) 

Thread 15872
=====================
0x00007FFDDA9DCF24	NULL (NULL:0) (ntdll:0x00007FFDDA940000) ( 0x0, 0x0, 0x0, 0x0 ) 
0x00007FFDD78F1E83	NULL (NULL:0) (KERNELBASE:0x00007FFDD78B0000) ( 0x7c7f7e00, 0x0, 0x0, 0xdec ) 
0x00007FFD81D1EAFD	NULL (NULL:0) (nvwgf2umx:0x00007FFD81600000) ( 0x0, 0x0, 0x7be8b200, 0x0 ) 
0x00007FFD82C37F1C	NULL (NULL:0) (nvwgf2umx:0x00007FFD81600000) ( 0x0, 0x0, 0x0, 0x0 ) 
0x00007FFDD8A67C24	NULL (NULL:0) (KERNEL32:0x00007FFDD8A50000) ( 0x0, 0x0, 0x0, 0x0 ) 

Thread 14824
=====================
0x00007FFDDA9DCF24	NULL (NULL:0) (ntdll:0x00007FFDDA940000) ( 0x0, 0x0, 0x0, 0x0 ) 
0x00007FFDD78F1E83	NULL (NULL:0) (KERNELBASE:0x00007FFDD78B0000) ( 0x7c630f30, 0x0, 0x0, 0x12a4 ) 
0x00007FFD81D1EAFD	NULL (NULL:0) (nvwgf2umx:0x00007FFD81600000) ( 0x0, 0x0, 0x7c040e70, 0x0 ) 
0x00007FFD82C37F1C	NULL (NULL:0) (nvwgf2umx:0x00007FFD81600000) ( 0x0, 0x0, 0x0, 0x0 ) 
0x00007FFDD8A67C24	NULL (NULL:0) (KERNEL32:0x00007FFDD8A50000) ( 0x0, 0x0, 0x0, 0x0 ) 

Thread 9780
=====================
0x00007FFDDA9DCF24	NULL (NULL:0) (ntdll:0x00007FFDDA940000) ( 0x0, 0x0, 0x0, 0x0 ) 
0x00007FFDD78F1E83	NULL (NULL:0) (KERNELBASE:0x00007FFDD78B0000) ( 0x7c630f30, 0x0, 0x0, 0x12a4 ) 
0x00007FFD81D1EAFD	NULL (NULL:0) (nvwgf2umx:0x00007FFD81600000) ( 0x0, 0x0, 0x7c040a20, 0x0 ) 
0x00007FFD82C37F1C	NULL (NULL:0) (nvwgf2umx:0x00007FFD81600000) ( 0x0, 0x0, 0x0, 0x0 ) 
0x00007FFDD8A67C24	NULL (NULL:0) (KERNEL32:0x00007FFDD8A50000) ( 0x0, 0x0, 0x0, 0x0 ) 

Thread 5304
=====================
0x00007FFDDA9DCF24	NULL (NULL:0) (ntdll:0x00007FFDDA940000) ( 0x0, 0x0, 0x0, 0x0 ) 
0x00007FFDD78F1E83	NULL (NULL:0) (KERNELBASE:0x00007FFDD78B0000) ( 0x7c630f30, 0x0, 0x0, 0x12a4 ) 
0x00007FFD81D1EAFD	NULL (NULL:0) (nvwgf2umx:0x00007FFD81600000) ( 0x0, 0x0, 0x7c040d20, 0x0 ) 
0x00007FFD82C37F1C	NULL (NULL:0) (nvwgf2umx:0x00007FFD81600000) ( 0x0, 0x0, 0x0, 0x0 ) 
0x00007FFDD8A67C24	NULL (NULL:0) (KERNEL32:0x00007FFDD8A50000) ( 0x0, 0x0, 0x0, 0x0 ) 

Thread 15092
=====================
0x00007FFDDA9DCF24	NULL (NULL:0) (ntdll:0x00007FFDDA940000) ( 0x0, 0x0, 0x0, 0x0 ) 
0x00007FFDD78F1E83	NULL (NULL:0) (KERNELBASE:0x00007FFDD78B0000) ( 0x7c630f30, 0x0, 0x0, 0x12a4 ) 
0x00007FFD81D1EAFD	NULL (NULL:0) (nvwgf2umx:0x00007FFD81600000) ( 0x0, 0x0, 0x7c0410e0, 0x0 ) 
0x00007FFD82C37F1C	NULL (NULL:0) (nvwgf2umx:0x00007FFD81600000) ( 0x0, 0x0, 0x0, 0x0 ) 
0x00007FFDD8A67C24	NULL (NULL:0) (KERNEL32:0x00007FFDD8A50000) ( 0x0, 0x0, 0x0, 0x0 ) 

Thread 3272
=====================
0x00007FFDDA9DD9F4	NULL (NULL:0) (ntdll:0x00007FFDDA940000) ( 0x0, 0x0, 0x0, 0x0 ) 
0x00007FFDD7902AD7	NULL (NULL:0) (KERNELBASE:0x00007FFDD78B0000) ( 0x0, 0xd7914e7b, 0x7cc49f40, 0x83fa9840 ) 
0x00007FFDD79029BE	NULL (NULL:0) (KERNELBASE:0x00007FFDD78B0000) ( 0x406d1388, 0x0, 0xd78f3b19, 0x6 ) 
0x00007FFD819B8A57	NULL (NULL:0) (nvwgf2umx:0x00007FFD81600000) ( 0x7cc49f40, 0x83fa9840, 0x7cc49f40, 0x0 ) 
0x00007FFD81C8157A	NULL (NULL:0) (nvwgf2umx:0x00007FFD81600000) ( 0x7bf348f0, 0x0, 0x0, 0x0 ) 
0x00007FFD82C37F1C	NULL (NULL:0) (nvwgf2umx:0x00007FFD81600000) ( 0x0, 0x0, 0x0, 0x0 ) 
0x00007FFDD8A67C24	NULL (NULL:0) (KERNEL32:0x00007FFDD8A50000) ( 0x0, 0x0, 0x0, 0x0 ) 

Thread 16168
=====================
0x00007FFDDA9DCF24	NULL (NULL:0) (ntdll:0x00007FFDDA940000) ( 0x0, 0x0, 0x0, 0x0 ) 
0x00007FFDD78F1E83	NULL (NULL:0) (KERNELBASE:0x00007FFDD78B0000) ( 0x1fd53d50, 0x0, 0x0, 0x1938 ) 
0x00007FFD81D1EAFD	NULL (NULL:0) (nvwgf2umx:0x00007FFD81600000) ( 0x0, 0x0, 0x7c041fe0, 0x0 ) 
0x00007FFD82C37F1C	NULL (NULL:0) (nvwgf2umx:0x00007FFD81600000) ( 0x0, 0x0, 0x0, 0x0 ) 
0x00007FFDD8A67C24	NULL (NULL:0) (KERNEL32:0x00007FFDD8A50000) ( 0x0, 0x0, 0x0, 0x0 ) 

Thread 12780
=====================
0x00007FFDDA9DCF24	NULL (NULL:0) (ntdll:0x00007FFDDA940000) ( 0x0, 0x0, 0x0, 0x0 ) 
0x00007FFDD78F1E83	NULL (NULL:0) (KERNELBASE:0x00007FFDD78B0000) ( 0x1fd53d50, 0x0, 0x0, 0x1938 ) 
0x00007FFD81D1EAFD	NULL (NULL:0) (nvwgf2umx:0x00007FFD81600000) ( 0x0, 0x0, 0x7c041d10, 0x0 ) 
0x00007FFD82C37F1C	NULL (NULL:0) (nvwgf2umx:0x00007FFD81600000) ( 0x0, 0x0, 0x0, 0x0 ) 
0x00007FFDD8A67C24	NULL (NULL:0) (KERNEL32:0x00007FFDD8A50000) ( 0x0, 0x0, 0x0, 0x0 ) 

Thread 12756
=====================
0x00007FFDDA9DCF24	NULL (NULL:0) (ntdll:0x00007FFDDA940000) ( 0x0, 0x0, 0x0, 0x0 ) 
0x00007FFDD78F1E83	NULL (NULL:0) (KERNELBASE:0x00007FFDD78B0000) ( 0x1fd53d50, 0x0, 0x0, 0x1938 ) 
0x00007FFD81D1EAFD	NULL (NULL:0) (nvwgf2umx:0x00007FFD81600000) ( 0x0, 0x0, 0x7c041c80, 0x0 ) 
0x00007FFD82C37F1C	NULL (NULL:0) (nvwgf2umx:0x00007FFD81600000) ( 0x0, 0x0, 0x0, 0x0 ) 
0x00007FFDD8A67C24	NULL (NULL:0) (KERNEL32:0x00007FFDD8A50000) ( 0x0, 0x0, 0x0, 0x0 ) 

Thread 15740
=====================
0x00007FFDDA9DCF24	NULL (NULL:0) (ntdll:0x00007FFDDA940000) ( 0x0, 0x0, 0x0, 0x0 ) 
0x00007FFDD78F1E83	NULL (NULL:0) (KERNELBASE:0x00007FFDD78B0000) ( 0x1fd53d50, 0x0, 0x0, 0x1938 ) 
0x00007FFD81D1EAFD	NULL (NULL:0) (nvwgf2umx:0x00007FFD81600000) ( 0x0, 0x0, 0x7c041cb0, 0x0 ) 
0x00007FFD82C37F1C	NULL (NULL:0) (nvwgf2umx:0x00007FFD81600000) ( 0x0, 0x0, 0x0, 0x0 ) 
0x00007FFDD8A67C24	NULL (NULL:0) (KERNEL32:0x00007FFDD8A50000) ( 0x0, 0x0, 0x0, 0x0 ) 

Thread 3156
=====================
0x00007FFDDA9DCF24	NULL (NULL:0) (ntdll:0x00007FFDDA940000) ( 0x0, 0x0, 0x0, 0x0 ) 
0x00007FFDD78F1E83	NULL (NULL:0) (KERNELBASE:0x00007FFDD78B0000) ( 0x20085070, 0x0, 0x0, 0x1a10 ) 
0x00007FFD81D1EAFD	NULL (NULL:0) (nvwgf2umx:0x00007FFD81600000) ( 0x0, 0x0, 0x7c597b00, 0x0 ) 
0x00007FFD82C37F1C	NULL (NULL:0) (nvwgf2umx:0x00007FFD81600000) ( 0x0, 0x0, 0x0, 0x0 ) 
0x00007FFDD8A67C24	NULL (NULL:0) (KERNEL32:0x00007FFDD8A50000) ( 0x0, 0x0, 0x0, 0x0 ) 

Thread 3588
=====================
0x00007FFDDA9DCF24	NULL (NULL:0) (ntdll:0x00007FFDDA940000) ( 0x0, 0x0, 0x0, 0x0 ) 
0x00007FFDD78F1E83	NULL (NULL:0) (KERNELBASE:0x00007FFDD78B0000) ( 0x20085070, 0x0, 0x0, 0x1a10 ) 
0x00007FFD81D1EAFD	NULL (NULL:0) (nvwgf2umx:0x00007FFD81600000) ( 0x0, 0x0, 0x7c5973b0, 0x0 ) 
0x00007FFD82C37F1C	NULL (NULL:0) (nvwgf2umx:0x00007FFD81600000) ( 0x0, 0x0, 0x0, 0x0 ) 
0x00007FFDD8A67C24	NULL (NULL:0) (KERNEL32:0x00007FFDD8A50000) ( 0x0, 0x0, 0x0, 0x0 ) 

Thread 5784
=====================
0x00007FFDDA9DCF24	NULL (NULL:0) (ntdll:0x00007FFDDA940000) ( 0x0, 0x0, 0x0, 0x0 ) 
0x00007FFDD78F1E83	NULL (NULL:0) (KERNELBASE:0x00007FFDD78B0000) ( 0x20085070, 0x0, 0x0, 0x1a10 ) 
0x00007FFD81D1EAFD	NULL (NULL:0) (nvwgf2umx:0x00007FFD81600000) ( 0x0, 0x0, 0x7c040c00, 0x0 ) 
0x00007FFD82C37F1C	NULL (NULL:0) (nvwgf2umx:0x00007FFD81600000) ( 0x0, 0x0, 0x0, 0x0 ) 
0x00007FFDD8A67C24	NULL (NULL:0) (KERNEL32:0x00007FFDD8A50000) ( 0x0, 0x0, 0x0, 0x0 ) 

Thread 15728
=====================
0x00007FFDDA9DCF24	NULL (NULL:0) (ntdll:0x00007FFDDA940000) ( 0x0, 0x0, 0x0, 0x0 ) 
0x00007FFDD78F1E83	NULL (NULL:0) (KERNELBASE:0x00007FFDD78B0000) ( 0x20085070, 0x0, 0x0, 0x1a10 ) 
0x00007FFD81D1EAFD	NULL (NULL:0) (nvwgf2umx:0x00007FFD81600000) ( 0x0, 0x0, 0x7c0413e0, 0x0 ) 
0x00007FFD82C37F1C	NULL (NULL:0) (nvwgf2umx:0x00007FFD81600000) ( 0x0, 0x0, 0x0, 0x0 ) 
0x00007FFDD8A67C24	NULL (NULL:0) (KERNEL32:0x00007FFDD8A50000) ( 0x0, 0x0, 0x0, 0x0 ) 

Thread 15844
=====================
0x00007FFDDA9DCF24	NULL (NULL:0) (ntdll:0x00007FFDDA940000) ( 0x0, 0x0, 0x0, 0x0 ) 
0x00007FFDD78F1E83	NULL (NULL:0) (KERNELBASE:0x00007FFDD78B0000) ( 0x20087af0, 0x0, 0x0, 0x1aa0 ) 
0x00007FFD81D1EAFD	NULL (NULL:0) (nvwgf2umx:0x00007FFD81600000) ( 0x0, 0x0, 0x7c047b00, 0x0 ) 
0x00007FFD82C37F1C	NULL (NULL:0) (nvwgf2umx:0x00007FFD81600000) ( 0x0, 0x0, 0x0, 0x0 ) 
0x00007FFDD8A67C24	NULL (NULL:0) (KERNEL32:0x00007FFDD8A50000) ( 0x0, 0x0, 0x0, 0x0 ) 

Thread 2748
=====================
0x00007FFDDA9DCF24	NULL (NULL:0) (ntdll:0x00007FFDDA940000) ( 0x0, 0x0, 0x0, 0x0 ) 
0x00007FFDD78F1E83	NULL (NULL:0) (KERNELBASE:0x00007FFDD78B0000) ( 0x20087af0, 0x0, 0x0, 0x1aa0 ) 
0x00007FFD81D1EAFD	NULL (NULL:0) (nvwgf2umx:0x00007FFD81600000) ( 0x0, 0x0, 0x7c047bc0, 0x0 ) 
0x00007FFD82C37F1C	NULL (NULL:0) (nvwgf2umx:0x00007FFD81600000) ( 0x0, 0x0, 0x0, 0x0 ) 
0x00007FFDD8A67C24	NULL (NULL:0) (KERNEL32:0x00007FFDD8A50000) ( 0x0, 0x0, 0x0, 0x0 ) 

Thread 14972
=====================
0x00007FFDDA9DCF24	NULL (NULL:0) (ntdll:0x00007FFDDA940000) ( 0x0, 0x0, 0x0, 0x0 ) 
0x00007FFDD78F1E83	NULL (NULL:0) (KERNELBASE:0x00007FFDD78B0000) ( 0x20087af0, 0x0, 0x0, 0x1aa0 ) 
0x00007FFD81D1EAFD	NULL (NULL:0) (nvwgf2umx:0x00007FFD81600000) ( 0x0, 0x0, 0x7c047a40, 0x0 ) 
0x00007FFD82C37F1C	NULL (NULL:0) (nvwgf2umx:0x00007FFD81600000) ( 0x0, 0x0, 0x0, 0x0 ) 
0x00007FFDD8A67C24	NULL (NULL:0) (KERNEL32:0x00007FFDD8A50000) ( 0x0, 0x0, 0x0, 0x0 ) 

Thread 10508
=====================
0x00007FFDDA9DCF24	NULL (NULL:0) (ntdll:0x00007FFDDA940000) ( 0x0, 0x0, 0x0, 0x0 ) 
0x00007FFDD78F1E83	NULL (NULL:0) (KERNELBASE:0x00007FFDD78B0000) ( 0x20087af0, 0x0, 0x0, 0x1aa0 ) 
0x00007FFD81D1EAFD	NULL (NULL:0) (nvwgf2umx:0x00007FFD81600000) ( 0x0, 0x0, 0x7c047470, 0x0 ) 
0x00007FFD82C37F1C	NULL (NULL:0) (nvwgf2umx:0x00007FFD81600000) ( 0x0, 0x0, 0x0, 0x0 ) 
0x00007FFDD8A67C24	NULL (NULL:0) (KERNEL32:0x00007FFDD8A50000) ( 0x0, 0x0, 0x0, 0x0 ) 

Thread 15528
=====================
0x00007FFDDA9E0834	NULL (NULL:0) (ntdll:0x00007FFDDA940000) ( 0x514c14c8, 0x514c14c8, 0x4d950b50, 0x0 ) 
0x00007FFDDA973FE0	NULL (NULL:0) (ntdll:0x00007FFDDA940000) ( 0x0, 0x0, 0x0, 0x0 ) 
0x00007FFDD8A67C24	NULL (NULL:0) (KERNEL32:0x00007FFDD8A50000) ( 0x0, 0x0, 0x0, 0x0 ) 

Thread 13248
=====================
0x00007FFDDA9E0834	NULL (NULL:0) (ntdll:0x00007FFDDA940000) ( 0x514c16a8, 0x514c16a8, 0x4d950b50, 0x0 ) 
0x00007FFDDA973FE0	NULL (NULL:0) (ntdll:0x00007FFDDA940000) ( 0x0, 0x0, 0x0, 0x0 ) 
0x00007FFDD8A67C24	NULL (NULL:0) (KERNEL32:0x00007FFDD8A50000) ( 0x0, 0x0, 0x0, 0x0 ) 
